GET		/api/v1/on-covid19/logs		200		5.001		ms
GET		/api/v1/on-covid19/logs		200		2.684		ms
POST		/api/v1/on-covid-19		200		5.969		ms
GET		/api/v1/on-covid19/logs		200		1.647		ms
POST		/api/v1/on-covid-19/json		200		5.747		ms
POST		/api/v1/on-covid-19/json		200		2.494		ms
GET		/api/v1/on-covid19/xml		404		1.968		ms
POST		/api/v1/on-covid19/xml		404		0.364		ms
POST		/api/v1/on-covid19/xml		404		0.159		ms
POST		/api/v1/on-covid19/xml		404		0.252		ms
POST		/api/v1/on-covid19/xml		404		0.199		ms
POST		/api/v1/on-covid19/xml		404		0.197		ms
GET		/api/v1/on-covid-19/logs		404		0.174		ms
POST		/api/v1/on-covid-19/json		200		1.478		ms
POST		/api/v1/on-covid-19/json		200		4.882		ms
POST		/api/v1/on-covid19/logs		404		0.223		ms
GET		/api/v1/on-covid19/logs		200		4.198		ms
GET		/api/v1/on-covid19/logs		200		0.956		ms
GET		/api/v1/on-covid19/logs		200		0.921		ms
GET		/api/v1/on-covid19/logs		200		1.270		ms
GET		/api/v1/on-covid19/logs		200		0.686		ms
GET		/api/v1/on-covid19/logs		200		0.688		ms
GET		/api/v1/on-covid19/logs		200		0.997		ms
GET		/api/v1/on-covid19/logs		200		0.634		ms
POST		/api/v1/on-covid-19/		200		3.300		ms
POST		/api/v1/on-covid-19/json		200		4.257		ms
GET		/api/v1/on-covid19/logs		200		0.694		ms
GET		/api/v1/on-covid-19/xml		404		0.137		ms
POST		/api/v1/on-covid-19/xml		500		2.072		ms
